v2.3.0-20231012
* 글 및 댓글 삭제 기능 추가
* 글 및 댓글에 컨텍스트 메뉴 추가
* 이미지 붙여넣기 시 업로드 기능 추가
* 댓글에 일부 문자가 표시되지 않는 오류 수정
* 글 내용 불러오기 시 메모리 사용량 개선

v2.2.4-20231011
* 오류 발생 시 채팅창 강제 새로고침 기능 추가
* 닉네임 아이콘 표시 옵션 추가
* 글 본문에 디시콘이 제대로 첨부되지 않던 문제 수정

v2.2.3-20231005
* 성능 개선
    * 글 목록 업데이트 시 메모리 사용량 개선
    * 글 목록 업데이트를 백그라운드에서 실행하도록 변경
    * 필요 시에만 디시콘 정보를 불러오도록 수정
* 버그 수정
    * 임베드 링크가 깨져보이는 문제 수정
    * 작은 용량의 이미지 첨부 문제 수정
* 기타 UI 개선

v2.2.2-20231001
* 글에 첨부된 동영상이 제대로 표시되지 않는 문제 수정
* 부드러운 스크롤 애니메이션 사용 시 포커스가 풀리는 문제 수정
* 기타 성능 개선
* 기타 UI 개선

v2.2.1-20230912
* 주요 업데이트가 아닌 경우 알림이 나오지 않도록 변경
* 업데이트 알림이 계속 나오는 문제 수정
* 브라우저 호환성 개선

v2.2.0-20230911
* 자동짤방 및 여러 이미지 첨부 기능 추가
* 꼬리말 수정 기능 추가
* 프로토콜이 명시되지 않은 주소가 열리지 않는 문제 수정
* 최초 실행 시 안내사항 표시
* 모바일 채팅창 오버스크롤 문제 수정
* 일부 환경에서 이미지 드롭이 되지 않는 문제 수정
* 반응형 UI 개선
* 브라우저 호환성 개선
* 기타 UI 개선

v2.1.2-20230214
* 이미지가 정상적으로 업로드되지 않던 문제 수정
* 일부 버튼에 툴팁 추가
* 상단바 숨기기 클릭 시 배치 바꾸기가 완료되도록 수정
* 기타 성능 개선
* 기타 UI 개선

v2.1.1-20230206
* 메모리 누수 문제 추가 개선

v2.1.0-20230206
* 상단바 숨기기 버튼 추가
* 댓글 및 답글 입력 시 쉽게 알아볼 수 있도록 변경
* 이미지 확대, 다운로드 기능 추가
* 영상 링크 임베드 추가
* 다크 모드 옵션 추가
* 설정 카테고리 분리
* 빌리빌리 영상 시청 시 최상위 페이지가 전환되는 문제 수정
* 오랜 시간 사용 시 메모리 누수가 발생하는 문제 수정
* 디시콘 로드 방식 개선
* 기타 UI 개선

v2.0.1-20230125
* 앱이 정상적으로 로드되지 않았을 때의 예외 처리 추가

v2.0.0-20230125
* javascript 코드를 웹에서 로드하도록 변경

v1.5.5-20230124
* 아이폰에서 반응형 UI가 작동하지 않는 문제 수정

v1.5.4-20230124
* 유동 로그인 숨기기 옵션이 작동하지 않는 문제 수정
* 입력 후 모바일 화면이 제대로 표시되지 않는 문제 수정

v1.5.3-20230123
* 구글 reCaptcha v3 지원
* 일부 환경에서 링크가 열리지 않는 문제 수정

v1.5.2-20230121
* 모바일에서 댓글수가 제대로 보이지 않던 문제 수정

v1.5.1-20230121
* 글 본문 닫을 시 내부 영상이 멈추도록 수정
* 일부 디시콘이 보이지 않던 문제 수정
* 레이아웃이 변경되는 최소 너비 추가
* 기타 UI 개선

v1.5.0-20230120
* 다중 화면 (마도) 기능 추가
* 옵션이 브라우저에 저장됨
* 재접속시 마지막 시청 목록이 유지됨
* 일부 유튜브 링크가 열리지 않던 문제 수정
* 모바일 UI 개선
* 기타 UI 개선

v1.4.1-20230118
* 댓글 도배 방지 코드가 보이지 않던 문제 수정

v1.4.0-20230118
* 전체 닫기 버튼 추가
* 알림 기능 추가
* 댓글수 하이라이트 옵션 추가
* 차단한 사용자의 글이 더 이상 표시되지 않음
* 글에 달리던 랜덤 태그(#)를 랜덤 공백문자로 변경
* 답글이 올라가지 않던 문제 수정
* 갤러리별 공지 기능 삭제
* 툴팁 기능 삭제

v1.3.0-20230117
* 미니 갤러리 지원
* captcha 지원

v1.2.2-20230116b
* 자잘한 버그 수정

v1.2.2-20230116
* 여러 창을 열고 닫을 때 전에 닫았던 글이 전부 열리는 문제 수정
* 글 제목 클릭시 글이 열리도록 수정

v1.2.1-20230116
* 드래그 앤 드롭으로 이미지 업로드 가능
* 유동 로그인 입력란 숨기기 옵션 추가
* 글 내용 열기 최대 개수 제한
* 부드러운 스크롤 애니메이션 사용 시 포커스가 풀리는 문제 수정
* 기타 UI 개선

v1.2.0-20230116
* 이미지 업로드 기능 추가
* 부드러운 스크롤 애니메이션
* 일부 메뉴에 툴팁 추가
* 권한이 없는 갤러리에서 채팅창 비활성화
* 모바일에서 엔터가 글쓰기로 이어지는 문제 수정
* 유니코드 문자열 이스케이프 방식 수정

v1.1.2-20230115
* 답글 대상 표시
* 비디오 링크 클릭 시 바로 시청

v1.1.1-20230114b
* 여러 줄 쓰기 가능 (공앱 퀵쓰기와 동일)
* 기타 UI 개선

v1.1.0-20230114
* 자체 도배 제한
* 댓글 및 대댓글 기능
* 디시콘 댓글 기능
* (실험적) 비디오 없이 채팅창만 사용하는 옵션 추가
* 디시콘 클릭 시 불필요한 동작이 일어나는 문제 수정

v1.0.1-20230113b
* 일부 브라우저에서의 fetch 오류 수정
* 일부 브라우저에서의 자동완성 문제 수정
* 잘못된 링크를 입력받는 문제 수정

v1.0.0-20230113
* 첫 공개 버전
